# pytest — 2026-08-11 17:15:56 AEST
# python Python 3.9.6 | pytest pytest 8.4.2

============================= test session starts ==============================
platform darwin -- Python 3.9.6, pytest-8.4.2, pluggy-1.6.0 -- /private/tmp/claude-501/-Users-ken-wm-kit/e20e15e7-b132-41a5-8c9c-3170975224ee/scratchpad/venv/bin/python
cachedir: .pytest_cache
rootdir: /Users/ken/wm_kit
collecting ... collected 16 items

tests/test_world_model.py::test_id_stable_across_frames PASSED           [  6%]
tests/test_world_model.py::test_confirmed_after_enough_hits PASSED       [ 12%]
tests/test_world_model.py::test_alias_resolution PASSED                  [ 18%]
tests/test_world_model.py::test_occlusion_does_not_delete_object PASSED  [ 25%]
tests/test_world_model.py::test_out_of_fov_decays_slower_than_missed_in_fov PASSED [ 31%]
tests/test_world_model.py::test_miss_count_only_increments_in_fov PASSED [ 37%]
tests/test_world_model.py::test_object_becomes_lost_and_leaves_snapshot PASSED [ 43%]
tests/test_world_model.py::test_is_in_fov[0.0-1.0-0.0-True] PASSED       [ 50%]
tests/test_world_model.py::test_is_in_fov[0.0--1.0-0.0-False] PASSED     [ 56%]
tests/test_world_model.py::test_is_in_fov[0.0-1.0-3.141592653589793-False] PASSED [ 62%]
tests/test_world_model.py::test_is_in_fov[0.0-10.0-0.0-False] PASSED     [ 68%]
tests/test_world_model.py::test_is_in_fov[0.0-0.05-0.0-False] PASSED     [ 75%]
tests/test_world_model.py::test_gating_rejects_far_detection PASSED      [ 81%]
tests/test_world_model.py::test_class_mismatch_not_associated PASSED     [ 87%]
tests/test_world_model.py::test_greedy_assignment_prefers_nearest PASSED [ 93%]
tests/test_world_model.py::test_scene_observations_schema PASSED         [100%]

============================== 16 passed in 0.02s ==============================
